action: py39, msg: getenv
cwd: /home/ubuntu/python-webcount
cmd: /home/ubuntu/python-webcount/.tox/py39/bin/python -m pip install pytest requests
Collecting pytest
  Using cached pytest-7.1.3-py3-none-any.whl (298 kB)
Collecting requests
  Using cached requests-2.28.1-py3-none-any.whl (62 kB)
Collecting attrs>=19.2.0
  Using cached attrs-22.1.0-py2.py3-none-any.whl (58 kB)
Collecting pluggy<2.0,>=0.12
  Using cached pluggy-1.0.0-py2.py3-none-any.whl (13 kB)
Collecting packaging
  Using cached packaging-21.3-py3-none-any.whl (40 kB)
Collecting tomli>=1.0.0
  Using cached tomli-2.0.1-py3-none-any.whl (12 kB)
Collecting iniconfig
  Using cached iniconfig-1.1.1-py2.py3-none-any.whl (5.0 kB)
Collecting py>=1.8.2
  Using cached py-1.11.0-py2.py3-none-any.whl (98 kB)
Collecting urllib3<1.27,>=1.21.1
  Using cached urllib3-1.26.12-py2.py3-none-any.whl (140 kB)
Collecting charset-normalizer<3,>=2
  Using cached charset_normalizer-2.1.1-py3-none-any.whl (39 kB)
Collecting idna<4,>=2.5
  Using cached idna-3.4-py3-none-any.whl (61 kB)
Collecting certifi>=2017.4.17
  Using cached certifi-2022.9.24-py3-none-any.whl (161 kB)
Collecting pyparsing!=3.0.5,>=2.0.2
  Using cached pyparsing-3.0.9-py3-none-any.whl (98 kB)
Installing collected packages: attrs, pluggy, pyparsing, packaging, tomli, iniconfig, py, pytest, urllib3, charset-normalizer, idna, certifi, requests
Successfully installed attrs-22.1.0 certifi-2022.9.24 charset-normalizer-2.1.1 idna-3.4 iniconfig-1.1.1 packaging-21.3 pluggy-1.0.0 py-1.11.0 pyparsing-3.0.9 pytest-7.1.3 requests-2.28.1 tomli-2.0.1 urllib3-1.26.12
