action: py39, msg: installpkg
cwd: /home/ubuntu/python-webcount
cmd: /home/ubuntu/python-webcount/.tox/py39/bin/python -m pip install --exists-action w .tox/.tmp/package/1/webcount-0.1.zip
Processing ./.tox/.tmp/package/1/webcount-0.1.zip
Requirement already satisfied: requests in ./.tox/py39/lib/python3.8/site-packages (from webcount==0.1) (2.28.1)
Requirement already satisfied: urllib3<1.27,>=1.21.1 in ./.tox/py39/lib/python3.8/site-packages (from requests->webcount==0.1) (1.26.12)
Requirement already satisfied: charset-normalizer<3,>=2 in ./.tox/py39/lib/python3.8/site-packages (from requests->webcount==0.1) (2.1.1)
Requirement already satisfied: idna<4,>=2.5 in ./.tox/py39/lib/python3.8/site-packages (from requests->webcount==0.1) (3.4)
Requirement already satisfied: certifi>=2017.4.17 in ./.tox/py39/lib/python3.8/site-packages (from requests->webcount==0.1) (2022.9.24)
Building wheels for collected packages: webcount
  Building wheel for webcount (setup.py): started
  Building wheel for webcount (setup.py): finished with status 'done'
  Created wheel for webcount: filename=webcount-0.1-py3-none-any.whl size=2627 sha256=d7b36c07b3957a2bd5d70c5dc82e54c38ca45c5c9f1f62828751d8e2323792dd
  Stored in directory: /home/ubuntu/.cache/pip/wheels/69/37/3a/e566834954c62896614ab0a3ec02d1a4f9ef51baedf5143816
Successfully built webcount
Installing collected packages: webcount
  Attempting uninstall: webcount
    Found existing installation: webcount 0.1
    Not uninstalling webcount at /home/ubuntu/python-webcount, outside environment /home/ubuntu/python-webcount/.tox/py39
    Can't uninstall 'webcount'. No files were found to uninstall.
Successfully installed webcount-0.1
